[2026-07-13 17:42:10] [INFO] Starting Interactive Park AI...
[2026-07-13 17:42:10] [INFO] Loaded config from config.yaml
[2026-07-13 17:42:10] [INFO] Video Loaded from source: assets/videos/sample.mp4
[2026-07-13 17:42:10] [INFO] Loading Person model from models/yolo11n.pt...
[2026-07-13 17:42:12] [INFO] Person model loaded successfully.
[2026-07-13 17:42:12] [INFO] Loading Pose model from models/yolo11n-pose.pt...
[2026-07-13 17:42:13] [INFO] Pose model loaded successfully.
[2026-07-13 17:42:13] [INFO] Initialization complete. Starting main loop.
[2026-07-13 17:42:15] [ERROR] Unexpected error in main loop: Numpy is not available
[2026-07-13 17:42:15] [INFO] Cleaning up resources...
[2026-07-13 17:42:15] [INFO] Video capture released
[2026-07-13 17:42:15] [INFO] Exited.
[2026-07-13 17:45:26] [INFO] Starting Interactive Park AI...
[2026-07-13 17:45:26] [INFO] Loaded config from config.yaml
[2026-07-13 17:45:26] [INFO] Video Loaded from source: assets/videos/sample.mp4
[2026-07-13 17:45:26] [INFO] Loading Person model from models/yolo11n.pt...
[2026-07-13 17:45:26] [INFO] Person model loaded successfully.
[2026-07-13 17:45:26] [INFO] Loading Pose model from models/yolo11n-pose.pt...
[2026-07-13 17:45:26] [INFO] Pose model loaded successfully.
[2026-07-13 17:45:26] [INFO] Initialization complete. Starting main loop.
[2026-07-13 17:45:38] [INFO] Frame 60: Detected 1 person(s), 1 skeleton(s) | FPS: 6.4
[2026-07-13 17:45:47] [INFO] Frame 120: Detected 1 person(s), 1 skeleton(s) | FPS: 6.4
[2026-07-13 17:45:57] [INFO] Frame 180: Detected 1 person(s), 1 skeleton(s) | FPS: 5.8
[2026-07-13 17:46:07] [INFO] Frame 240: Detected 1 person(s), 1 skeleton(s) | FPS: 5.8
[2026-07-13 17:46:17] [INFO] Frame 300: Detected 1 person(s), 1 skeleton(s) | FPS: 5.8
[2026-07-13 17:46:27] [INFO] Frame 360: Detected 1 person(s), 1 skeleton(s) | FPS: 5.9
[2026-07-13 17:46:37] [INFO] Frame 420: Detected 1 person(s), 1 skeleton(s) | FPS: 6.4
[2026-07-13 17:46:46] [INFO] Frame 480: Detected 1 person(s), 1 skeleton(s) | FPS: 6.4
[2026-07-13 17:46:56] [INFO] Frame 540: Detected 1 person(s), 1 skeleton(s) | FPS: 5.8
[2026-07-13 17:47:05] [INFO] Frame 600: Detected 1 person(s), 1 skeleton(s) | FPS: 5.8
[2026-07-13 17:47:15] [INFO] Frame 660: Detected 1 person(s), 1 skeleton(s) | FPS: 6.2
[2026-07-13 17:47:20] [INFO] Interrupted by user.
[2026-07-13 17:47:20] [INFO] Cleaning up resources...
[2026-07-13 17:47:20] [INFO] Video capture released
[2026-07-13 17:47:20] [INFO] Exited.
[2026-07-13 17:59:14] [INFO] Starting Interactive Park AI (Modular Architecture)...
[2026-07-13 17:59:14] [INFO] Loaded config from config.yaml
[2026-07-13 17:59:14] [INFO] Video Loaded from source: assets/videos/sample.mp4
[2026-07-13 17:59:14] [INFO] Loading Pose model (Person) from models/yolo11n-pose.pt...
[2026-07-13 17:59:14] [INFO] Loading Plant model from models/yolo11n.pt...
[2026-07-13 17:59:14] [INFO] Initialization complete. Starting main loop.
[2026-07-13 17:59:14] [INFO] Video reset to frame 0
[2026-07-13 17:59:18] [INFO] Frame 30: Person=0, Plant=0 | FPS: 11.5 | Active Zones: []
[2026-07-13 17:59:18] [INFO] [AUDIO] -> TRIGGER: ambience_left.mp3 started.
[2026-07-13 17:59:18] [INFO] [AUDIO] ambience_left.mp3 is playing...
[2026-07-13 17:59:20] [INFO] [AUDIO] ambience_left.mp3 is playing...
[2026-07-13 17:59:20] [INFO] Frame 60: Person=1, Plant=0 | FPS: 11.9 | Active Zones: ['LEFT']
[2026-07-13 17:59:20] [INFO] Headless testing finished (60 frames).
[2026-07-13 17:59:20] [INFO] Cleaning up resources...
[2026-07-13 17:59:20] [INFO] Video capture released
[2026-07-13 17:59:20] [INFO] Exited.
[2026-07-13 18:00:00] [INFO] Starting Interactive Park AI (Modular Architecture)...
[2026-07-13 18:00:00] [INFO] Loaded config from config.yaml
[2026-07-13 18:00:00] [INFO] Video Loaded from source: assets/videos/sample.mp4
[2026-07-13 18:00:00] [INFO] Loading Pose model (Person) from models/yolo11n-pose.pt...
[2026-07-13 18:00:00] [INFO] Loading Plant model from models/yolo11n.pt...
[2026-07-13 18:00:00] [INFO] Initialization complete. Starting main loop.
[2026-07-13 18:00:00] [INFO] Video reset to frame 0
[2026-07-13 18:00:03] [INFO] Frame 30: Person=0, Plant=0 | FPS: 21.9 | Active Zones: []
[2026-07-13 18:00:03] [INFO] [AUDIO] -> TRIGGER: ambience_left.mp3 started.
[2026-07-13 18:00:03] [INFO] [AUDIO] ambience_left.mp3 is playing...
[2026-07-13 18:00:05] [INFO] Frame 60: Person=1, Plant=0 | FPS: 21.5 | Active Zones: ['LEFT']
[2026-07-13 18:00:05] [INFO] Headless testing finished (60 frames).
[2026-07-13 18:00:05] [INFO] Cleaning up resources...
[2026-07-13 18:00:05] [INFO] Video capture released
[2026-07-13 18:00:05] [INFO] Exited.
[2026-07-13 18:01:23] [INFO] Starting Interactive Park AI (Modular Architecture)...
[2026-07-13 18:01:23] [INFO] Loaded config from config.yaml
[2026-07-13 18:01:23] [INFO] Video Loaded from source: assets/videos/sample.mp4
[2026-07-13 18:01:23] [INFO] Loading Pose model (Person) from models/yolo11n-pose.pt...
[2026-07-13 18:01:23] [INFO] Loading Plant model from models/yolo11n.pt...
[2026-07-13 18:01:23] [INFO] Initialization complete. Starting main loop.
[2026-07-13 18:01:23] [INFO] Video reset to frame 0
[2026-07-13 18:01:26] [INFO] Frame 30: Person=0, Plant=0 | FPS: 21.2 | Active Zones: []
[2026-07-13 18:01:26] [INFO] [AUDIO] -> TRIGGER: ambience_left.mp3 started.
[2026-07-13 18:01:26] [INFO] [AUDIO] ambience_left.mp3 is playing...
[2026-07-13 18:01:27] [INFO] Frame 60: Person=1, Plant=0 | FPS: 20.9 | Active Zones: ['LEFT']
[2026-07-13 18:01:28] [INFO] [AUDIO] ambience_left.mp3 is playing...
[2026-07-13 18:01:29] [INFO] Frame 90: Person=1, Plant=0 | FPS: 20.9 | Active Zones: ['LEFT']
[2026-07-13 18:01:30] [INFO] [AUDIO] ambience_left.mp3 is playing...
[2026-07-13 18:01:30] [INFO] Frame 120: Person=1, Plant=0 | FPS: 20.8 | Active Zones: ['LEFT']
[2026-07-13 18:01:32] [INFO] Frame 150: Person=1, Plant=0 | FPS: 21.6 | Active Zones: ['LEFT']
[2026-07-13 18:01:32] [INFO] [AUDIO] ambience_left.mp3 is playing...
[2026-07-13 18:01:33] [INFO] Frame 180: Person=1, Plant=0 | FPS: 21.4 | Active Zones: ['LEFT']
[2026-07-13 18:01:34] [INFO] [AUDIO] ambience_left.mp3 is playing...
[2026-07-13 18:01:35] [INFO] Frame 210: Person=1, Plant=0 | FPS: 21.1 | Active Zones: ['LEFT']
[2026-07-13 18:01:36] [INFO] [AUDIO] ambience_left.mp3 is playing...
[2026-07-13 18:01:36] [INFO] Frame 240: Person=1, Plant=0 | FPS: 20.5 | Active Zones: ['LEFT']
[2026-07-13 18:01:38] [INFO] Frame 270: Person=1, Plant=0 | FPS: 21.7 | Active Zones: ['LEFT']
[2026-07-13 18:01:38] [INFO] [AUDIO] ambience_left.mp3 is playing...
[2026-07-13 18:01:39] [INFO] Frame 300: Person=1, Plant=0 | FPS: 21.2 | Active Zones: ['LEFT']
[2026-07-13 18:01:40] [INFO] [AUDIO] ambience_left.mp3 is playing...
[2026-07-13 18:01:41] [INFO] Frame 330: Person=1, Plant=0 | FPS: 21.4 | Active Zones: ['LEFT']
[2026-07-13 18:01:42] [INFO] [AUDIO] ambience_left.mp3 is playing...
[2026-07-13 18:01:42] [INFO] Frame 360: Person=1, Plant=0 | FPS: 21.2 | Active Zones: ['LEFT']
[2026-07-13 18:01:44] [INFO] Frame 390: Person=1, Plant=0 | FPS: 21.6 | Active Zones: ['LEFT']
[2026-07-13 18:01:44] [INFO] [AUDIO] ambience_left.mp3 is playing...
[2026-07-13 18:01:45] [INFO] Frame 420: Person=1, Plant=0 | FPS: 21.7 | Active Zones: ['LEFT']
[2026-07-13 18:01:46] [INFO] [AUDIO] ambience_left.mp3 is playing...
[2026-07-13 18:01:47] [INFO] Frame 450: Person=1, Plant=0 | FPS: 21.2 | Active Zones: ['LEFT']
[2026-07-13 18:01:48] [INFO] [AUDIO] ambience_left.mp3 is playing...
[2026-07-13 18:01:48] [INFO] Frame 480: Person=1, Plant=0 | FPS: 15.9 | Active Zones: ['LEFT']
[2026-07-13 18:01:50] [INFO] Frame 510: Person=1, Plant=0 | FPS: 21.4 | Active Zones: ['LEFT']
[2026-07-13 18:01:50] [INFO] [AUDIO] ambience_left.mp3 is playing...
[2026-07-13 18:01:51] [INFO] Frame 540: Person=1, Plant=0 | FPS: 16.0 | Active Zones: ['LEFT']
[2026-07-13 18:01:52] [INFO] [AUDIO] ambience_left.mp3 is playing...
[2026-07-13 18:01:53] [INFO] Frame 570: Person=1, Plant=0 | FPS: 21.7 | Active Zones: ['LEFT']
[2026-07-13 18:01:54] [INFO] [AUDIO] ambience_left.mp3 is playing...
[2026-07-13 18:01:55] [INFO] Frame 600: Person=1, Plant=0 | FPS: 22.0 | Active Zones: ['LEFT']
[2026-07-13 18:01:56] [INFO] [AUDIO] ambience_left.mp3 is playing...
[2026-07-13 18:01:56] [INFO] Frame 630: Person=1, Plant=0 | FPS: 20.9 | Active Zones: ['LEFT']
[2026-07-13 18:01:58] [INFO] Frame 660: Person=1, Plant=0 | FPS: 21.0 | Active Zones: ['LEFT']
[2026-07-13 18:01:58] [INFO] [AUDIO] ambience_left.mp3 is playing...
[2026-07-13 18:02:00] [INFO] Frame 690: Person=1, Plant=0 | FPS: 15.9 | Active Zones: ['LEFT']
[2026-07-13 18:02:00] [INFO] [AUDIO] ambience_left.mp3 is playing...
[2026-07-13 18:02:01] [INFO] Frame 720: Person=1, Plant=0 | FPS: 21.3 | Active Zones: ['LEFT']
[2026-07-13 18:02:02] [INFO] [AUDIO] ambience_left.mp3 is playing...
[2026-07-13 18:02:03] [INFO] Frame 750: Person=1, Plant=0 | FPS: 21.1 | Active Zones: ['LEFT']
[2026-07-13 18:02:04] [INFO] [AUDIO] ambience_left.mp3 is playing...
[2026-07-13 18:02:05] [INFO] Frame 780: Person=1, Plant=0 | FPS: 15.7 | Active Zones: ['LEFT']
[2026-07-13 18:02:06] [INFO] Frame 810: Person=1, Plant=0 | FPS: 21.0 | Active Zones: ['LEFT']
[2026-07-13 18:02:06] [INFO] [AUDIO] ambience_left.mp3 is playing...
[2026-07-13 18:02:08] [INFO] Frame 840: Person=1, Plant=0 | FPS: 21.0 | Active Zones: ['LEFT']
[2026-07-13 18:02:09] [INFO] [AUDIO] ambience_left.mp3 is playing...
[2026-07-13 18:02:09] [INFO] Frame 870: Person=1, Plant=0 | FPS: 15.8 | Active Zones: ['LEFT']
[2026-07-13 18:02:10] [INFO] [AUDIO] -> STOP: ambience_left.mp3 stopped.
[2026-07-13 18:02:10] [INFO] [AUDIO] -> TRIGGER: ambience_left.mp3 started.
[2026-07-13 18:02:10] [INFO] [AUDIO] -> STOP: ambience_left.mp3 stopped.
[2026-07-13 18:02:10] [INFO] [AUDIO] -> TRIGGER: ambience_left.mp3 started.
[2026-07-13 18:02:11] [INFO] [AUDIO] ambience_left.mp3 is playing...
[2026-07-13 18:02:11] [INFO] [AUDIO] -> STOP: ambience_left.mp3 stopped.
[2026-07-13 18:02:11] [INFO] [AUDIO] -> TRIGGER: ambience_left.mp3 started.
[2026-07-13 18:02:11] [INFO] [AUDIO] -> STOP: ambience_left.mp3 stopped.
[2026-07-13 18:02:11] [INFO] Frame 900: Person=0, Plant=0 | FPS: 22.4 | Active Zones: []
[2026-07-13 18:02:12] [INFO] [AUDIO] -> TRIGGER: ambience_left.mp3 started.
[2026-07-13 18:02:12] [INFO] Frame 930: Person=1, Plant=0 | FPS: 20.6 | Active Zones: ['LEFT']
[2026-07-13 18:02:13] [INFO] [AUDIO] -> STOP: ambience_left.mp3 stopped.
[2026-07-13 18:02:14] [INFO] Frame 960: Person=0, Plant=0 | FPS: 21.4 | Active Zones: []
[2026-07-13 18:02:15] [INFO] Frame 990: Person=0, Plant=0 | FPS: 20.8 | Active Zones: []
[2026-07-13 18:02:17] [INFO] Frame 1020: Person=0, Plant=0 | FPS: 21.9 | Active Zones: []
[2026-07-13 18:02:18] [INFO] [AUDIO] -> TRIGGER: ambience_left.mp3 started.
[2026-07-13 18:02:18] [INFO] [AUDIO] ambience_left.mp3 is playing...
[2026-07-13 18:02:18] [INFO] [AUDIO] -> STOP: ambience_left.mp3 stopped.
[2026-07-13 18:02:18] [INFO] Frame 1050: Person=0, Plant=0 | FPS: 21.0 | Active Zones: []
[2026-07-13 18:02:20] [INFO] Frame 1080: Person=0, Plant=0 | FPS: 21.1 | Active Zones: []
[2026-07-13 18:02:21] [INFO] [AUDIO] -> TRIGGER: ambience_left.mp3 started.
[2026-07-13 18:02:21] [INFO] [AUDIO] -> STOP: ambience_left.mp3 stopped.
[2026-07-13 18:02:21] [INFO] Frame 1110: Person=0, Plant=0 | FPS: 21.7 | Active Zones: []
[2026-07-13 18:02:22] [INFO] [AUDIO] -> TRIGGER: ambience_left.mp3 started.
[2026-07-13 18:02:22] [INFO] [AUDIO] ambience_left.mp3 is playing...
[2026-07-13 18:02:22] [INFO] [AUDIO] -> STOP: ambience_left.mp3 stopped.
[2026-07-13 18:02:23] [INFO] Frame 1140: Person=0, Plant=0 | FPS: 20.7 | Active Zones: []
[2026-07-13 18:02:24] [INFO] Frame 1170: Person=0, Plant=0 | FPS: 21.7 | Active Zones: []
[2026-07-13 18:02:26] [INFO] Frame 1200: Person=0, Plant=0 | FPS: 21.1 | Active Zones: []
[2026-07-13 18:02:27] [INFO] Frame 1230: Person=0, Plant=0 | FPS: 21.4 | Active Zones: []
[2026-07-13 18:02:29] [INFO] Frame 1260: Person=0, Plant=0 | FPS: 21.7 | Active Zones: []
[2026-07-13 18:02:30] [INFO] Frame 1290: Person=0, Plant=0 | FPS: 21.5 | Active Zones: []
[2026-07-13 18:02:32] [INFO] Frame 1320: Person=0, Plant=0 | FPS: 21.0 | Active Zones: []
[2026-07-13 18:02:33] [INFO] Frame 1350: Person=0, Plant=0 | FPS: 21.0 | Active Zones: []
[2026-07-13 18:02:35] [INFO] Frame 1380: Person=0, Plant=0 | FPS: 21.7 | Active Zones: []
[2026-07-13 18:02:36] [INFO] Frame 1410: Person=0, Plant=0 | FPS: 21.3 | Active Zones: []
[2026-07-13 18:02:38] [INFO] Frame 1440: Person=0, Plant=0 | FPS: 21.0 | Active Zones: []
[2026-07-13 18:02:39] [INFO] Frame 1470: Person=0, Plant=0 | FPS: 21.0 | Active Zones: []
[2026-07-13 18:02:41] [INFO] Frame 1500: Person=0, Plant=0 | FPS: 21.1 | Active Zones: []
[2026-07-13 18:02:43] [INFO] Frame 1530: Person=0, Plant=0 | FPS: 21.6 | Active Zones: []
[2026-07-13 18:02:44] [INFO] Frame 1560: Person=0, Plant=0 | FPS: 20.8 | Active Zones: []
[2026-07-13 18:02:46] [INFO] Frame 1590: Person=0, Plant=0 | FPS: 20.3 | Active Zones: []
[2026-07-13 18:02:48] [INFO] Frame 1620: Person=0, Plant=0 | FPS: 21.6 | Active Zones: []
[2026-07-13 18:02:50] [INFO] Frame 1650: Person=0, Plant=0 | FPS: 21.5 | Active Zones: []
[2026-07-13 18:02:52] [INFO] Frame 1680: Person=0, Plant=0 | FPS: 20.9 | Active Zones: []
[2026-07-13 18:02:53] [INFO] Frame 1710: Person=0, Plant=0 | FPS: 21.2 | Active Zones: []
[2026-07-13 18:02:55] [INFO] Frame 1740: Person=0, Plant=0 | FPS: 21.2 | Active Zones: []
[2026-07-13 18:02:56] [INFO] Frame 1770: Person=0, Plant=0 | FPS: 21.6 | Active Zones: []
[2026-07-13 18:02:58] [INFO] [AUDIO] -> TRIGGER: ambience_right.mp3 started.
[2026-07-13 18:02:58] [INFO] [AUDIO] ambience_right.mp3 is playing...
[2026-07-13 18:02:58] [INFO] [AUDIO] -> STOP: ambience_right.mp3 stopped.
[2026-07-13 18:02:58] [INFO] [AUDIO] -> TRIGGER: ambience_right.mp3 started.
[2026-07-13 18:02:58] [INFO] [AUDIO] -> STOP: ambience_right.mp3 stopped.
[2026-07-13 18:02:58] [INFO] Frame 1800: Person=0, Plant=0 | FPS: 16.0 | Active Zones: []
[2026-07-13 18:02:58] [INFO] [AUDIO] -> TRIGGER: ambience_right.mp3 started.
[2026-07-13 18:02:58] [INFO] [AUDIO] -> STOP: ambience_right.mp3 stopped.
[2026-07-13 18:02:58] [INFO] [AUDIO] -> TRIGGER: ambience_right.mp3 started.
[2026-07-13 18:02:59] [INFO] [AUDIO] -> STOP: ambience_right.mp3 stopped.
[2026-07-13 18:02:59] [INFO] [AUDIO] -> TRIGGER: ambience_right.mp3 started.
[2026-07-13 18:03:00] [INFO] [AUDIO] ambience_right.mp3 is playing...
[2026-07-13 18:03:00] [INFO] Frame 1830: Person=1, Plant=0 | FPS: 21.0 | Active Zones: ['RIGHT']
[2026-07-13 18:03:01] [INFO] Frame 1860: Person=1, Plant=0 | FPS: 22.0 | Active Zones: ['RIGHT']
[2026-07-13 18:03:02] [INFO] [AUDIO] ambience_right.mp3 is playing...
[2026-07-13 18:03:03] [INFO] Frame 1890: Person=1, Plant=0 | FPS: 16.6 | Active Zones: ['RIGHT']
[2026-07-13 18:03:04] [INFO] [AUDIO] ambience_right.mp3 is playing...
[2026-07-13 18:03:04] [INFO] Frame 1920: Person=1, Plant=0 | FPS: 15.7 | Active Zones: ['RIGHT']
[2026-07-13 18:03:06] [INFO] [AUDIO] ambience_right.mp3 is playing...
[2026-07-13 18:03:06] [INFO] Frame 1950: Person=1, Plant=0 | FPS: 21.3 | Active Zones: ['RIGHT']
[2026-07-13 18:03:07] [INFO] Frame 1980: Person=1, Plant=0 | FPS: 21.0 | Active Zones: ['RIGHT']
[2026-07-13 18:03:08] [INFO] [AUDIO] ambience_right.mp3 is playing...
[2026-07-13 18:03:09] [INFO] Frame 2010: Person=1, Plant=0 | FPS: 21.0 | Active Zones: ['RIGHT']
[2026-07-13 18:03:10] [INFO] [AUDIO] ambience_right.mp3 is playing...
[2026-07-13 18:03:11] [INFO] Frame 2040: Person=1, Plant=0 | FPS: 21.0 | Active Zones: ['RIGHT']
[2026-07-13 18:03:12] [INFO] [AUDIO] ambience_right.mp3 is playing...
[2026-07-13 18:03:12] [INFO] Frame 2070: Person=1, Plant=0 | FPS: 13.0 | Active Zones: ['RIGHT']
[2026-07-13 18:03:14] [INFO] [AUDIO] ambience_right.mp3 is playing...
[2026-07-13 18:03:14] [INFO] Frame 2100: Person=1, Plant=0 | FPS: 21.2 | Active Zones: ['RIGHT']
[2026-07-13 18:03:16] [INFO] [AUDIO] ambience_right.mp3 is playing...
[2026-07-13 18:03:16] [INFO] Frame 2130: Person=1, Plant=0 | FPS: 21.2 | Active Zones: ['RIGHT']
[2026-07-13 18:03:18] [INFO] Frame 2160: Person=1, Plant=0 | FPS: 20.5 | Active Zones: ['RIGHT']
[2026-07-13 18:03:18] [INFO] [AUDIO] ambience_right.mp3 is playing...
[2026-07-13 18:03:19] [INFO] Frame 2190: Person=1, Plant=0 | FPS: 20.6 | Active Zones: ['RIGHT']
[2026-07-13 18:03:20] [INFO] [AUDIO] ambience_right.mp3 is playing...
[2026-07-13 18:03:21] [INFO] Frame 2220: Person=1, Plant=0 | FPS: 21.9 | Active Zones: ['RIGHT']
[2026-07-13 18:03:22] [INFO] [AUDIO] ambience_right.mp3 is playing...
[2026-07-13 18:03:22] [INFO] Frame 2250: Person=1, Plant=0 | FPS: 21.0 | Active Zones: ['RIGHT']
[2026-07-13 18:03:24] [INFO] [AUDIO] -> STOP: ambience_right.mp3 stopped.
[2026-07-13 18:03:24] [INFO] [AUDIO] -> TRIGGER: ambience_right.mp3 started.
[2026-07-13 18:03:24] [INFO] [AUDIO] -> STOP: ambience_right.mp3 stopped.
[2026-07-13 18:03:24] [INFO] Frame 2280: Person=0, Plant=0 | FPS: 21.5 | Active Zones: []
[2026-07-13 18:03:24] [INFO] [AUDIO] -> TRIGGER: ambience_right.mp3 started.
[2026-07-13 18:03:24] [INFO] [AUDIO] ambience_right.mp3 is playing...
[2026-07-13 18:03:25] [INFO] Frame 2310: Person=1, Plant=0 | FPS: 21.0 | Active Zones: ['RIGHT']
[2026-07-13 18:03:26] [INFO] [AUDIO] ambience_right.mp3 is playing...
[2026-07-13 18:03:27] [INFO] Frame 2340: Person=1, Plant=0 | FPS: 15.7 | Active Zones: ['RIGHT']
[2026-07-13 18:03:27] [INFO] [AUDIO] -> STOP: ambience_right.mp3 stopped.
[2026-07-13 18:03:27] [INFO] [AUDIO] -> TRIGGER: ambience_right.mp3 started.
[2026-07-13 18:03:27] [INFO] [AUDIO] -> STOP: ambience_right.mp3 stopped.
[2026-07-13 18:03:27] [INFO] [AUDIO] -> TRIGGER: ambience_right.mp3 started.
[2026-07-13 18:03:27] [INFO] Video ended or cannot read frame.
[2026-07-13 18:03:27] [INFO] Cleaning up resources...
[2026-07-13 18:03:27] [INFO] Video capture released
[2026-07-13 18:03:27] [INFO] Exited.
[2026-07-13 18:03:43] [INFO] Starting Interactive Park AI (Modular Architecture)...
[2026-07-13 18:03:43] [INFO] Loaded config from config.yaml
[2026-07-13 18:03:43] [INFO] Video Loaded from source: assets/videos/sample.mp4
[2026-07-13 18:03:43] [INFO] Loading Pose model (Person) from models/yolo11n-pose.pt...
[2026-07-13 18:03:43] [INFO] Loading Plant model from models/yolo11n.pt...
[2026-07-13 18:03:43] [INFO] Initialization complete. Starting main loop.
[2026-07-13 18:03:43] [INFO] Video reset to frame 0
[2026-07-13 18:03:45] [INFO] Frame 30: Person=0, Plant=0 | FPS: 21.0 | Active Zones: []
[2026-07-13 18:03:46] [INFO] [AUDIO] -> TRIGGER: ambience_left.mp3 started.
[2026-07-13 18:03:46] [INFO] [AUDIO] ambience_left.mp3 is playing...
[2026-07-13 18:03:47] [INFO] Frame 60: Person=1, Plant=0 | FPS: 16.3 | Active Zones: ['LEFT']
[2026-07-13 18:03:48] [INFO] [AUDIO] ambience_left.mp3 is playing...
[2026-07-13 18:03:50] [INFO] [AUDIO] ambience_left.mp3 is playing...
[2026-07-13 18:03:50] [INFO] Frame 90: Person=1, Plant=0 | FPS: 21.2 | Active Zones: ['LEFT']
[2026-07-13 18:03:51] [INFO] Frame 120: Person=1, Plant=0 | FPS: 15.6 | Active Zones: ['LEFT']
[2026-07-13 18:03:52] [INFO] [AUDIO] ambience_left.mp3 is playing...
[2026-07-13 18:03:53] [INFO] Frame 150: Person=1, Plant=0 | FPS: 21.2 | Active Zones: ['LEFT']
[2026-07-13 18:03:54] [INFO] [AUDIO] ambience_left.mp3 is playing...
[2026-07-13 18:03:54] [INFO] Frame 180: Person=1, Plant=0 | FPS: 16.6 | Active Zones: ['LEFT']
[2026-07-13 18:03:56] [INFO] [AUDIO] ambience_left.mp3 is playing...
[2026-07-13 18:03:56] [INFO] Frame 210: Person=1, Plant=0 | FPS: 21.2 | Active Zones: ['LEFT']
[2026-07-13 18:03:58] [INFO] [AUDIO] ambience_left.mp3 is playing...
[2026-07-13 18:03:58] [INFO] Frame 240: Person=1, Plant=0 | FPS: 17.4 | Active Zones: ['LEFT']
[2026-07-13 18:03:59] [INFO] Frame 270: Person=1, Plant=0 | FPS: 20.8 | Active Zones: ['LEFT']
[2026-07-13 18:04:00] [INFO] [AUDIO] ambience_left.mp3 is playing...
[2026-07-13 18:04:01] [INFO] Frame 300: Person=1, Plant=0 | FPS: 20.8 | Active Zones: ['LEFT']
[2026-07-13 18:04:02] [INFO] [AUDIO] ambience_left.mp3 is playing...
[2026-07-13 18:04:02] [INFO] Frame 330: Person=1, Plant=0 | FPS: 20.8 | Active Zones: ['LEFT']
[2026-07-13 18:04:04] [INFO] [AUDIO] ambience_left.mp3 is playing...
[2026-07-13 18:04:04] [INFO] Frame 360: Person=1, Plant=0 | FPS: 21.7 | Active Zones: ['LEFT']
[2026-07-13 18:04:05] [INFO] Frame 390: Person=1, Plant=0 | FPS: 15.7 | Active Zones: ['LEFT']
[2026-07-13 18:04:06] [INFO] [AUDIO] ambience_left.mp3 is playing...
[2026-07-13 18:04:07] [INFO] Frame 420: Person=1, Plant=0 | FPS: 20.8 | Active Zones: ['LEFT']
[2026-07-13 18:04:08] [INFO] [AUDIO] ambience_left.mp3 is playing...
[2026-07-13 18:04:09] [INFO] Frame 450: Person=1, Plant=0 | FPS: 16.2 | Active Zones: ['LEFT']
[2026-07-13 18:04:10] [INFO] [AUDIO] ambience_left.mp3 is playing...
[2026-07-13 18:04:10] [INFO] Frame 480: Person=1, Plant=0 | FPS: 15.7 | Active Zones: ['LEFT']
[2026-07-13 18:04:12] [INFO] [AUDIO] ambience_left.mp3 is playing...
[2026-07-13 18:04:12] [INFO] Frame 510: Person=1, Plant=0 | FPS: 21.1 | Active Zones: ['LEFT']
[2026-07-13 18:04:13] [INFO] Frame 540: Person=1, Plant=0 | FPS: 21.2 | Active Zones: ['LEFT']
[2026-07-13 18:04:14] [INFO] [AUDIO] ambience_left.mp3 is playing...
[2026-07-13 18:04:15] [INFO] Frame 570: Person=1, Plant=0 | FPS: 21.2 | Active Zones: ['LEFT']
[2026-07-13 18:04:17] [INFO] [AUDIO] ambience_left.mp3 is playing...
[2026-07-13 18:04:18] [INFO] Frame 600: Person=1, Plant=0 | FPS: 20.1 | Active Zones: ['LEFT']
[2026-07-13 18:04:20] [INFO] [AUDIO] ambience_left.mp3 is playing...
[2026-07-13 18:04:21] [INFO] Frame 630: Person=1, Plant=0 | FPS: 21.6 | Active Zones: ['LEFT']
[2026-07-13 18:04:22] [INFO] [AUDIO] ambience_left.mp3 is playing...
[2026-07-13 18:04:22] [INFO] Frame 660: Person=1, Plant=0 | FPS: 21.0 | Active Zones: ['LEFT']
[2026-07-13 18:04:24] [INFO] Frame 690: Person=1, Plant=0 | FPS: 15.8 | Active Zones: ['LEFT']
[2026-07-13 18:04:24] [INFO] [AUDIO] ambience_left.mp3 is playing...
[2026-07-13 18:04:26] [INFO] Frame 720: Person=1, Plant=0 | FPS: 16.2 | Active Zones: ['LEFT']
[2026-07-13 18:04:26] [INFO] [AUDIO] ambience_left.mp3 is playing...
[2026-07-13 18:04:27] [INFO] Frame 750: Person=1, Plant=0 | FPS: 21.6 | Active Zones: ['LEFT']
[2026-07-13 18:04:27] [INFO] Interrupted by user.
[2026-07-13 18:04:27] [INFO] Cleaning up resources...
[2026-07-13 18:04:27] [INFO] Video capture released
[2026-07-13 18:04:27] [INFO] Exited.
[2026-07-13 18:15:25] [INFO] Starting Interactive Park AI (Polygon ROI & Touch Detection)...
[2026-07-13 18:15:25] [INFO] Loaded config from config.yaml
[2026-07-13 18:15:25] [INFO] Video Loaded from source: assets/videos/sample.mp4
[2026-07-13 18:15:25] [INFO] Loading Pose model (Person) from models/yolo11n-pose.pt...
[2026-07-13 18:15:25] [INFO] Loaded Plant Zone: LEFT_PLANT with 4 points.
[2026-07-13 18:15:25] [INFO] Loaded Plant Zone: RIGHT_PLANT with 4 points.
[2026-07-13 18:15:25] [INFO] Initialization complete. Starting main loop.
[2026-07-13 18:15:25] [INFO] Video reset to frame 0
[2026-07-13 18:15:28] [INFO] Frame 30: Person=0 | FPS: 23.3
[2026-07-13 18:15:29] [INFO] Frame 60: Person=1 | FPS: 20.5
[2026-07-13 18:15:29] [INFO] Headless testing finished (60 frames).
[2026-07-13 18:15:29] [INFO] Cleaning up resources...
[2026-07-13 18:15:29] [INFO] Video capture released
[2026-07-13 18:15:29] [INFO] Exited.
[2026-07-13 18:17:28] [INFO] Starting Interactive Park AI (Polygon ROI & Touch Detection)...
[2026-07-13 18:17:28] [INFO] Loaded config from config.yaml
[2026-07-13 18:17:28] [INFO] Video Loaded from source: assets/videos/sample.mp4
[2026-07-13 18:17:28] [INFO] Loading Pose model (Person) from models/yolo11n-pose.pt...
[2026-07-13 18:17:29] [INFO] Loaded Plant Zone: LEFT_PLANT with 4 points.
[2026-07-13 18:17:29] [INFO] Loaded Plant Zone: RIGHT_PLANT with 4 points.
[2026-07-13 18:17:29] [INFO] Initialization complete. Starting main loop.
[2026-07-13 18:17:29] [INFO] Video reset to frame 0
[2026-07-13 18:17:31] [INFO] Frame 30: Person=0 | FPS: 20.5
[2026-07-13 18:17:33] [INFO] Frame 60: Person=1 | FPS: 16.1
[2026-07-13 18:17:33] [INFO] [EVENT] PLANT_TOUCH - LEFT_PLANT
[2026-07-13 18:17:34] [INFO] Frame 90: Person=1 | FPS: 21.1
[2026-07-13 18:17:36] [INFO] Frame 120: Person=1 | FPS: 20.7
[2026-07-13 18:17:37] [INFO] Frame 150: Person=1 | FPS: 21.1
[2026-07-13 18:17:39] [INFO] Frame 180: Person=1 | FPS: 16.4
[2026-07-13 18:17:40] [INFO] Frame 210: Person=1 | FPS: 21.9
[2026-07-13 18:17:42] [INFO] Frame 240: Person=1 | FPS: 16.4
[2026-07-13 18:17:43] [INFO] Frame 270: Person=1 | FPS: 21.5
[2026-07-13 18:17:45] [INFO] Frame 300: Person=1 | FPS: 21.8
[2026-07-13 18:17:46] [INFO] Frame 330: Person=1 | FPS: 15.7
[2026-07-13 18:17:48] [INFO] Frame 360: Person=1 | FPS: 21.4
[2026-07-13 18:17:50] [INFO] Frame 390: Person=1 | FPS: 15.7
[2026-07-13 18:17:51] [INFO] Frame 420: Person=1 | FPS: 21.5
[2026-07-13 18:17:53] [INFO] Frame 450: Person=1 | FPS: 22.0
[2026-07-13 18:17:54] [INFO] Frame 480: Person=1 | FPS: 21.6
[2026-07-13 18:17:56] [INFO] Frame 510: Person=1 | FPS: 20.8
[2026-07-13 18:17:57] [INFO] Frame 540: Person=1 | FPS: 20.8
[2026-07-13 18:17:59] [INFO] Frame 570: Person=1 | FPS: 21.0
[2026-07-13 18:18:01] [INFO] Frame 600: Person=1 | FPS: 21.5
[2026-07-13 18:18:02] [INFO] Frame 630: Person=1 | FPS: 21.2
[2026-07-13 18:18:04] [INFO] Frame 660: Person=1 | FPS: 20.5
[2026-07-13 18:18:05] [INFO] Frame 690: Person=1 | FPS: 16.5
[2026-07-13 18:18:07] [INFO] Frame 720: Person=1 | FPS: 22.1
[2026-07-13 18:18:09] [INFO] Frame 750: Person=1 | FPS: 20.7
[2026-07-13 18:18:10] [INFO] Frame 780: Person=1 | FPS: 22.2
[2026-07-13 18:18:12] [INFO] Frame 810: Person=1 | FPS: 15.9
[2026-07-13 18:18:13] [INFO] Frame 840: Person=1 | FPS: 22.4
[2026-07-13 18:18:15] [INFO] Frame 870: Person=1 | FPS: 20.8
[2026-07-13 18:18:15] [INFO] [EVENT] PLANT_RELEASE - LEFT_PLANT
[2026-07-13 18:18:16] [INFO] Frame 900: Person=0 | FPS: 21.3
[2026-07-13 18:18:18] [INFO] Frame 930: Person=1 | FPS: 21.1
[2026-07-13 18:18:19] [INFO] Frame 960: Person=0 | FPS: 21.4
[2026-07-13 18:18:21] [INFO] Frame 990: Person=0 | FPS: 21.4
[2026-07-13 18:18:22] [INFO] Frame 1020: Person=0 | FPS: 21.0
[2026-07-13 18:18:24] [INFO] Frame 1050: Person=0 | FPS: 21.1
[2026-07-13 18:18:25] [INFO] Frame 1080: Person=0 | FPS: 22.5
[2026-07-13 18:18:27] [INFO] Frame 1110: Person=0 | FPS: 16.4
[2026-07-13 18:18:28] [INFO] Frame 1140: Person=0 | FPS: 21.4
[2026-07-13 18:18:30] [INFO] Frame 1170: Person=0 | FPS: 15.6
[2026-07-13 18:18:32] [INFO] Frame 1200: Person=0 | FPS: 16.0
[2026-07-13 18:18:33] [INFO] Frame 1230: Person=0 | FPS: 20.8
[2026-07-13 18:18:35] [INFO] Frame 1260: Person=0 | FPS: 20.8
[2026-07-13 18:18:36] [INFO] Frame 1290: Person=0 | FPS: 20.8
[2026-07-13 18:18:38] [INFO] Frame 1320: Person=0 | FPS: 15.6
[2026-07-13 18:18:39] [INFO] Frame 1350: Person=0 | FPS: 20.8
[2026-07-13 18:18:41] [INFO] Frame 1380: Person=0 | FPS: 20.2
[2026-07-13 18:18:42] [INFO] Frame 1410: Person=0 | FPS: 21.6
[2026-07-13 18:18:44] [INFO] Frame 1440: Person=0 | FPS: 21.0
[2026-07-13 18:18:46] [INFO] Frame 1470: Person=0 | FPS: 21.6
[2026-07-13 18:18:47] [INFO] Frame 1500: Person=0 | FPS: 21.2
[2026-07-13 18:18:48] [INFO] Frame 1530: Person=0 | FPS: 21.3
[2026-07-13 18:18:50] [INFO] Frame 1560: Person=0 | FPS: 20.9
[2026-07-13 18:18:51] [INFO] Frame 1590: Person=0 | FPS: 21.6
[2026-07-13 18:18:53] [INFO] Frame 1620: Person=0 | FPS: 21.3
[2026-07-13 18:18:54] [INFO] Frame 1650: Person=0 | FPS: 20.8
[2026-07-13 18:18:56] [INFO] Frame 1680: Person=0 | FPS: 21.5
[2026-07-13 18:18:57] [INFO] Frame 1710: Person=0 | FPS: 21.2
[2026-07-13 18:18:59] [INFO] Frame 1740: Person=0 | FPS: 21.9
[2026-07-13 18:19:00] [INFO] Frame 1770: Person=0 | FPS: 21.2
[2026-07-13 18:19:02] [INFO] Frame 1800: Person=0 | FPS: 20.9
[2026-07-13 18:19:03] [INFO] [EVENT] PLANT_TOUCH - LEFT_PLANT
[2026-07-13 18:19:03] [INFO] Frame 1830: Person=1 | FPS: 20.7
[2026-07-13 18:19:05] [INFO] Frame 1860: Person=1 | FPS: 20.7
[2026-07-13 18:19:06] [INFO] Frame 1890: Person=1 | FPS: 20.7
[2026-07-13 18:19:08] [INFO] Frame 1920: Person=1 | FPS: 21.6
[2026-07-13 18:19:09] [INFO] [EVENT] PLANT_RELEASE - LEFT_PLANT
[2026-07-13 18:19:10] [INFO] Frame 1950: Person=1 | FPS: 16.0
[2026-07-13 18:19:11] [INFO] Frame 1980: Person=1 | FPS: 21.0
[2026-07-13 18:19:13] [INFO] Frame 2010: Person=1 | FPS: 21.3
[2026-07-13 18:19:14] [INFO] Frame 2040: Person=1 | FPS: 20.6
[2026-07-13 18:19:16] [INFO] Frame 2070: Person=1 | FPS: 20.8
[2026-07-13 18:19:17] [INFO] Frame 2100: Person=1 | FPS: 21.3
[2026-07-13 18:19:19] [INFO] Frame 2130: Person=1 | FPS: 21.2
[2026-07-13 18:19:20] [INFO] Frame 2160: Person=1 | FPS: 21.3
[2026-07-13 18:19:21] [INFO] [EVENT] PLANT_TOUCH - LEFT_PLANT
[2026-07-13 18:19:22] [INFO] Frame 2190: Person=1 | FPS: 16.1
[2026-07-13 18:19:23] [INFO] Frame 2220: Person=1 | FPS: 22.1
[2026-07-13 18:19:24] [INFO] [EVENT] PLANT_RELEASE - LEFT_PLANT
[2026-07-13 18:19:25] [INFO] Frame 2250: Person=1 | FPS: 16.3
[2026-07-13 18:19:26] [INFO] Frame 2280: Person=0 | FPS: 22.5
[2026-07-13 18:19:28] [INFO] Frame 2310: Person=1 | FPS: 16.1
[2026-07-13 18:19:29] [INFO] Frame 2340: Person=1 | FPS: 22.0
[2026-07-13 18:19:30] [INFO] Video ended or cannot read frame.
[2026-07-13 18:19:30] [INFO] Cleaning up resources...
[2026-07-13 18:19:30] [INFO] Video capture released
[2026-07-13 18:19:30] [INFO] Exited.
[2026-07-13 18:35:02] [INFO] Starting Interactive Park AI (Polygon ROI & Touch Detection)...
[2026-07-13 18:35:02] [INFO] Loaded config from config.yaml
[2026-07-13 18:35:02] [INFO] Video Loaded from source: assets/videos/sample.mp4
[2026-07-13 18:35:02] [INFO] Loading Pose model (Person) from models/yolo11n-pose.pt...
[2026-07-13 18:35:02] [INFO] Loaded Plant Zone: LEFT_PLANT with 4 points.
[2026-07-13 18:35:02] [INFO] Loaded Plant Zone: RIGHT_PLANT with 4 points.
[2026-07-13 18:35:02] [INFO] Initialization complete. Starting main loop.
[2026-07-13 18:35:02] [INFO] Video reset to frame 0
[2026-07-13 18:35:05] [INFO] Frame 30: Person=0 | FPS: 21.8
[2026-07-13 18:35:06] [INFO] Frame 60: Person=1 | FPS: 21.0
[2026-07-13 18:35:07] [INFO] [EVENT] PLANT_TOUCH - LEFT_PLANT
[2026-07-13 18:35:08] [INFO] Frame 90: Person=1 | FPS: 22.0
[2026-07-13 18:35:09] [INFO] Frame 120: Person=1 | FPS: 21.4
[2026-07-13 18:35:11] [INFO] Frame 150: Person=1 | FPS: 21.6
[2026-07-13 18:35:12] [INFO] Frame 180: Person=1 | FPS: 21.5
[2026-07-13 18:35:14] [INFO] Frame 210: Person=1 | FPS: 21.5
[2026-07-13 18:35:15] [INFO] Frame 240: Person=1 | FPS: 21.8
[2026-07-13 18:35:17] [INFO] Frame 270: Person=1 | FPS: 21.0
[2026-07-13 18:35:19] [INFO] Frame 300: Person=1 | FPS: 15.9
[2026-07-13 18:35:20] [INFO] Frame 330: Person=1 | FPS: 16.3
[2026-07-13 18:35:22] [INFO] Frame 360: Person=1 | FPS: 21.2
[2026-07-13 18:35:23] [INFO] Frame 390: Person=1 | FPS: 20.5
[2026-07-13 18:35:25] [INFO] Frame 420: Person=1 | FPS: 20.7
[2026-07-13 18:35:27] [INFO] Frame 450: Person=1 | FPS: 16.1
[2026-07-13 18:35:29] [INFO] Frame 480: Person=1 | FPS: 17.5
[2026-07-13 18:35:30] [INFO] Frame 510: Person=1 | FPS: 21.5
[2026-07-13 18:35:31] [INFO] Frame 540: Person=1 | FPS: 20.5
[2026-07-13 18:35:32] [INFO] Interrupted by user.
[2026-07-13 18:35:32] [INFO] Cleaning up resources...
[2026-07-13 18:35:32] [INFO] Video capture released
[2026-07-13 18:35:32] [INFO] Exited.
[2026-07-13 18:38:04] [INFO] Starting Interactive Park AI (Polygon ROI & Touch Detection)...
[2026-07-13 18:38:04] [INFO] Loaded config from config.yaml
[2026-07-13 18:38:04] [INFO] Video Loaded from source: assets/videos/sample.mp4
[2026-07-13 18:38:04] [INFO] Loading Pose model (Person) from models/yolo11n-pose.pt...
[2026-07-13 18:38:04] [INFO] Loaded Plant Zone: LEFT_PLANT with 4 points (overlay=OFF).
[2026-07-13 18:38:04] [INFO] Loaded Plant Zone: RIGHT_PLANT with 4 points (overlay=OFF).
[2026-07-13 18:38:04] [INFO] Initialization complete. Starting main loop.
[2026-07-13 18:38:04] [INFO] Video reset to frame 0
[2026-07-13 18:38:07] [INFO] Frame 30: Person=0 | FPS: 21.2
[2026-07-13 18:38:09] [INFO] Frame 60: Person=1 | FPS: 21.1
[2026-07-13 18:38:09] [INFO] Headless testing finished (60 frames).
[2026-07-13 18:38:09] [INFO] Cleaning up resources...
[2026-07-13 18:38:09] [INFO] Video capture released
[2026-07-13 18:38:09] [INFO] Exited.
[2026-07-13 18:39:31] [INFO] Starting Interactive Park AI (Polygon ROI & Touch Detection)...
[2026-07-13 18:39:31] [INFO] Loaded config from config.yaml
[2026-07-13 18:39:31] [INFO] Video Loaded from source: assets/videos/sample.mp4
[2026-07-13 18:39:31] [INFO] Loading Pose model (Person) from models/yolo11n-pose.pt...
[2026-07-13 18:39:31] [INFO] Loaded Plant Zone: LEFT_PLANT with 4 points (overlay=OFF).
[2026-07-13 18:39:31] [INFO] Loaded Plant Zone: RIGHT_PLANT with 4 points (overlay=OFF).
[2026-07-13 18:39:31] [INFO] Initialization complete. Starting main loop.
[2026-07-13 18:39:31] [INFO] Video reset to frame 0
[2026-07-13 18:39:34] [INFO] Frame 30: Person=0 | FPS: 16.1
[2026-07-13 18:39:35] [INFO] Frame 60: Person=1 | FPS: 20.2
[2026-07-13 18:39:35] [INFO] [EVENT] PLANT_TOUCH - LEFT_PLANT
[2026-07-13 18:39:37] [INFO] Frame 90: Person=1 | FPS: 21.3
[2026-07-13 18:39:38] [INFO] Frame 120: Person=1 | FPS: 21.4
[2026-07-13 18:39:40] [INFO] Frame 150: Person=1 | FPS: 23.0
[2026-07-13 18:39:42] [INFO] Frame 180: Person=1 | FPS: 21.0
[2026-07-13 18:39:43] [INFO] Frame 210: Person=1 | FPS: 15.6
[2026-07-13 18:39:45] [INFO] Frame 240: Person=1 | FPS: 16.3
[2026-07-13 18:39:46] [INFO] Frame 270: Person=1 | FPS: 21.5
[2026-07-13 18:39:48] [INFO] Frame 300: Person=1 | FPS: 21.3
[2026-07-13 18:39:49] [INFO] Frame 330: Person=1 | FPS: 21.0
[2026-07-13 18:39:51] [INFO] Frame 360: Person=1 | FPS: 21.6
[2026-07-13 18:39:52] [INFO] Frame 390: Person=1 | FPS: 20.4
[2026-07-13 18:39:53] [INFO] Frame 420: Person=1 | FPS: 21.9
[2026-07-13 18:39:55] [INFO] Frame 450: Person=1 | FPS: 21.7
[2026-07-13 18:39:56] [INFO] Frame 480: Person=1 | FPS: 21.2
[2026-07-13 18:39:58] [INFO] Frame 510: Person=1 | FPS: 21.2
[2026-07-13 18:39:59] [INFO] Frame 540: Person=1 | FPS: 21.3
[2026-07-13 18:40:01] [INFO] Frame 570: Person=1 | FPS: 21.1
[2026-07-13 18:40:02] [INFO] Frame 600: Person=1 | FPS: 21.4
[2026-07-13 18:40:04] [INFO] Frame 630: Person=1 | FPS: 20.5
[2026-07-13 18:40:06] [INFO] Frame 660: Person=1 | FPS: 16.1
[2026-07-13 18:40:07] [INFO] Frame 690: Person=1 | FPS: 21.5
[2026-07-13 18:40:09] [INFO] Frame 720: Person=1 | FPS: 21.2
[2026-07-13 18:40:10] [INFO] Frame 750: Person=1 | FPS: 21.2
[2026-07-13 18:40:12] [INFO] Frame 780: Person=1 | FPS: 21.7
[2026-07-13 18:40:14] [INFO] Frame 810: Person=1 | FPS: 21.1
[2026-07-13 18:40:15] [INFO] Frame 840: Person=1 | FPS: 16.1
[2026-07-13 18:40:17] [INFO] Frame 870: Person=1 | FPS: 20.9
[2026-07-13 18:40:17] [INFO] [EVENT] PLANT_RELEASE - LEFT_PLANT
[2026-07-13 18:40:18] [INFO] Frame 900: Person=0 | FPS: 15.8
[2026-07-13 18:40:20] [INFO] Frame 930: Person=1 | FPS: 20.4
[2026-07-13 18:40:21] [INFO] Frame 960: Person=0 | FPS: 20.8
[2026-07-13 18:40:23] [INFO] Frame 990: Person=0 | FPS: 23.0
[2026-07-13 18:40:24] [INFO] Frame 1020: Person=0 | FPS: 22.5
[2026-07-13 18:40:25] [INFO] Frame 1050: Person=0 | FPS: 20.7
[2026-07-13 18:40:27] [INFO] Frame 1080: Person=0 | FPS: 21.1
[2026-07-13 18:40:28] [INFO] Frame 1110: Person=0 | FPS: 19.5
[2026-07-13 18:40:30] [INFO] Frame 1140: Person=0 | FPS: 21.1
[2026-07-13 18:40:31] [INFO] Frame 1170: Person=0 | FPS: 21.9
[2026-07-13 18:40:33] [INFO] Frame 1200: Person=0 | FPS: 22.4
[2026-07-13 18:40:34] [INFO] Frame 1230: Person=0 | FPS: 22.6
[2026-07-13 18:40:35] [INFO] Frame 1260: Person=0 | FPS: 20.3
[2026-07-13 18:40:37] [INFO] Frame 1290: Person=0 | FPS: 21.9
[2026-07-13 18:40:39] [INFO] Frame 1320: Person=0 | FPS: 22.2
[2026-07-13 18:40:39] [INFO] Interrupted by user.
[2026-07-13 18:40:39] [INFO] Cleaning up resources...
[2026-07-13 18:40:39] [INFO] Video capture released
[2026-07-13 18:40:39] [INFO] Exited.
[2026-07-13 18:43:29] [INFO] Starting Interactive Park AI (Polygon ROI & Touch Detection)...
[2026-07-13 18:43:29] [INFO] Loaded config from config.yaml
[2026-07-13 18:43:29] [INFO] Video Loaded from source: assets/videos/sample.mp4
[2026-07-13 18:43:29] [INFO] Loading Pose model (Person) from models/yolo11n-pose.pt...
[2026-07-13 18:43:29] [INFO] Loaded Plant Zone: LEFT_PLANT with 4 points (overlay=OFF).
[2026-07-13 18:43:29] [INFO] Loaded Plant Zone: RIGHT_PLANT with 4 points (overlay=OFF).
[2026-07-13 18:43:29] [INFO] Initialization complete. Starting main loop.
[2026-07-13 18:43:29] [INFO] Video reset to frame 0
[2026-07-13 18:43:32] [INFO] Frame 30: Person=0 | FPS: 23.6
[2026-07-13 18:43:33] [INFO] Frame 60: Person=1 | FPS: 22.1
[2026-07-13 18:43:33] [INFO] Headless testing finished (60 frames).
[2026-07-13 18:43:33] [INFO] Cleaning up resources...
[2026-07-13 18:43:33] [INFO] Video capture released
[2026-07-13 18:43:33] [INFO] Exited.
[2026-07-13 18:46:53] [INFO] Starting Interactive Park AI (Polygon ROI & Touch Detection)...
[2026-07-13 18:46:53] [INFO] Loaded config from config.yaml
[2026-07-13 18:46:53] [INFO] Video Loaded from source: assets/videos/sample.mp4
[2026-07-13 18:46:53] [INFO] Loading Pose model (Person) from models/yolo11n-pose.pt...
[2026-07-13 18:46:53] [INFO] Loaded Plant Zone: LEFT_PLANT with 4 points (overlay=OFF).
[2026-07-13 18:46:53] [INFO] Loaded Plant Zone: RIGHT_PLANT with 4 points (overlay=OFF).
[2026-07-13 18:46:53] [INFO] Initialization complete. Starting main loop.
[2026-07-13 18:46:53] [INFO] Video reset to frame 0
[2026-07-13 18:46:56] [INFO] Frame 30: Person=0 | FPS: 15.9
[2026-07-13 18:46:57] [INFO] Frame 60: Person=1 | FPS: 23.8
[2026-07-13 18:46:57] [INFO] Headless testing finished (60 frames).
[2026-07-13 18:46:57] [INFO] Cleaning up resources...
[2026-07-13 18:46:57] [INFO] Video capture released
[2026-07-13 18:46:57] [INFO] Exited.
[2026-07-13 19:07:09] [INFO] Starting Interactive Park AI (Polygon ROI & Touch Detection)...
[2026-07-13 19:07:09] [INFO] Loaded config from config.yaml
[2026-07-13 19:07:09] [INFO] Video Loaded from source: assets/videos/sample.mp4
[2026-07-13 19:07:09] [INFO] Loading Pose model (Person) from models/yolo11n-pose.pt...
[2026-07-13 19:07:09] [INFO] Loaded Plant Zone: LEFT_PLANT with 4 points (overlay=OFF).
[2026-07-13 19:07:09] [INFO] Loaded Plant Zone: RIGHT_PLANT with 4 points (overlay=OFF).
[2026-07-13 19:07:09] [INFO] Initialization complete. Starting main loop.
[2026-07-13 19:07:09] [INFO] Video reset to frame 0
[2026-07-13 19:07:12] [INFO] Frame 30: Person=0 | FPS: 21.5
[2026-07-13 19:07:13] [INFO] Frame 60: Person=1 | FPS: 21.0
[2026-07-13 19:07:15] [INFO] Frame 90: Person=1 | FPS: 21.7
[2026-07-13 19:07:16] [INFO] Frame 120: Person=1 | FPS: 21.5
[2026-07-13 19:07:18] [INFO] Frame 150: Person=1 | FPS: 20.7
[2026-07-13 19:07:19] [INFO] Frame 180: Person=1 | FPS: 21.2
[2026-07-13 19:07:19] [INFO] [EVENT] PLANT_TOUCH - LEFT_PLANT
[2026-07-13 19:07:20] [INFO] [EVENT] PLANT_RELEASE - LEFT_PLANT
[2026-07-13 19:07:20] [INFO] Frame 210: Person=1 | FPS: 20.4
[2026-07-13 19:07:21] [INFO] [EVENT] PLANT_TOUCH - LEFT_PLANT
[2026-07-13 19:07:22] [INFO] [EVENT] PLANT_RELEASE - LEFT_PLANT
[2026-07-13 19:07:22] [INFO] Frame 240: Person=1 | FPS: 15.6
[2026-07-13 19:07:23] [INFO] [EVENT] PLANT_TOUCH - LEFT_PLANT
[2026-07-13 19:07:23] [INFO] [EVENT] PLANT_RELEASE - LEFT_PLANT
[2026-07-13 19:07:23] [INFO] Frame 270: Person=1 | FPS: 21.3
[2026-07-13 19:07:25] [INFO] Frame 300: Person=1 | FPS: 21.2
[2026-07-13 19:07:26] [INFO] Frame 330: Person=1 | FPS: 21.5
[2026-07-13 19:07:28] [INFO] Frame 360: Person=1 | FPS: 20.8
[2026-07-13 19:07:29] [INFO] Frame 390: Person=1 | FPS: 16.2
[2026-07-13 19:07:31] [INFO] Frame 420: Person=1 | FPS: 16.4
[2026-07-13 19:07:32] [INFO] Frame 450: Person=1 | FPS: 21.7
[2026-07-13 19:07:34] [INFO] Frame 480: Person=1 | FPS: 21.9
[2026-07-13 19:07:35] [INFO] Frame 510: Person=1 | FPS: 21.1
[2026-07-13 19:07:37] [INFO] Frame 540: Person=1 | FPS: 21.4
[2026-07-13 19:07:38] [INFO] Frame 570: Person=1 | FPS: 21.3
[2026-07-13 19:07:40] [INFO] Frame 600: Person=1 | FPS: 21.0
[2026-07-13 19:07:41] [INFO] Frame 630: Person=1 | FPS: 21.4
[2026-07-13 19:07:43] [INFO] Frame 660: Person=1 | FPS: 21.7
[2026-07-13 19:07:44] [INFO] Frame 690: Person=1 | FPS: 15.5
[2026-07-13 19:07:46] [INFO] Frame 720: Person=1 | FPS: 20.8
[2026-07-13 19:07:47] [INFO] Frame 750: Person=1 | FPS: 21.2
[2026-07-13 19:07:48] [INFO] Frame 780: Person=1 | FPS: 20.4
[2026-07-13 19:07:50] [INFO] Frame 810: Person=1 | FPS: 21.2
[2026-07-13 19:07:51] [INFO] Frame 840: Person=1 | FPS: 21.1
[2026-07-13 19:07:53] [INFO] Frame 870: Person=1 | FPS: 21.6
[2026-07-13 19:07:54] [INFO] Frame 900: Person=0 | FPS: 21.2
[2026-07-13 19:07:56] [INFO] Frame 930: Person=1 | FPS: 21.1
[2026-07-13 19:07:57] [INFO] Frame 960: Person=0 | FPS: 21.6
[2026-07-13 19:07:59] [INFO] Frame 990: Person=0 | FPS: 21.4
[2026-07-13 19:08:00] [INFO] Frame 1020: Person=0 | FPS: 16.2
[2026-07-13 19:08:02] [INFO] Frame 1050: Person=0 | FPS: 21.3
[2026-07-13 19:08:03] [INFO] Frame 1080: Person=0 | FPS: 20.8
[2026-07-13 19:08:05] [INFO] Frame 1110: Person=0 | FPS: 20.6
[2026-07-13 19:08:06] [INFO] Frame 1140: Person=0 | FPS: 21.4
[2026-07-13 19:08:08] [INFO] Frame 1170: Person=0 | FPS: 21.2
[2026-07-13 19:08:09] [INFO] Frame 1200: Person=0 | FPS: 21.9
[2026-07-13 19:08:11] [INFO] Frame 1230: Person=0 | FPS: 21.6
[2026-07-13 19:08:12] [INFO] Frame 1260: Person=0 | FPS: 21.1
[2026-07-13 19:08:14] [INFO] Frame 1290: Person=0 | FPS: 21.1
[2026-07-13 19:08:15] [INFO] Frame 1320: Person=0 | FPS: 21.4
[2026-07-13 19:08:17] [INFO] Frame 1350: Person=0 | FPS: 15.7
[2026-07-13 19:08:19] [INFO] Frame 1380: Person=0 | FPS: 21.1
[2026-07-13 19:08:21] [INFO] Frame 1410: Person=0 | FPS: 21.5
[2026-07-13 19:08:22] [INFO] Frame 1440: Person=0 | FPS: 20.7
[2026-07-13 19:08:24] [INFO] Frame 1470: Person=0 | FPS: 16.5
[2026-07-13 19:08:25] [INFO] Frame 1500: Person=0 | FPS: 21.0
[2026-07-13 19:08:27] [INFO] Frame 1530: Person=0 | FPS: 21.7
[2026-07-13 19:08:28] [INFO] Frame 1560: Person=0 | FPS: 21.2
[2026-07-13 19:08:30] [INFO] Frame 1590: Person=0 | FPS: 16.1
[2026-07-13 19:08:31] [INFO] Frame 1620: Person=0 | FPS: 16.5
[2026-07-13 19:08:33] [INFO] Frame 1650: Person=0 | FPS: 15.9
[2026-07-13 19:08:35] [INFO] Frame 1680: Person=0 | FPS: 21.2
[2026-07-13 19:08:36] [INFO] Frame 1710: Person=0 | FPS: 20.9
[2026-07-13 19:08:38] [INFO] Frame 1740: Person=0 | FPS: 21.5
[2026-07-13 19:08:39] [INFO] Frame 1770: Person=0 | FPS: 21.3
[2026-07-13 19:08:40] [INFO] Frame 1800: Person=0 | FPS: 21.2
[2026-07-13 19:08:42] [INFO] Frame 1830: Person=1 | FPS: 21.1
[2026-07-13 19:08:43] [INFO] Frame 1860: Person=1 | FPS: 20.8
[2026-07-13 19:08:45] [INFO] Frame 1890: Person=1 | FPS: 21.6
[2026-07-13 19:08:47] [INFO] Frame 1920: Person=1 | FPS: 15.6
[2026-07-13 19:08:48] [INFO] Frame 1950: Person=1 | FPS: 20.8
[2026-07-13 19:08:50] [INFO] Frame 1980: Person=1 | FPS: 20.7
[2026-07-13 19:08:51] [INFO] Frame 2010: Person=1 | FPS: 21.8
[2026-07-13 19:08:53] [INFO] Frame 2040: Person=1 | FPS: 22.1
[2026-07-13 19:08:54] [INFO] Frame 2070: Person=1 | FPS: 20.7
[2026-07-13 19:08:56] [INFO] Frame 2100: Person=1 | FPS: 16.3
[2026-07-13 19:08:57] [INFO] Frame 2130: Person=1 | FPS: 21.3
[2026-07-13 19:08:59] [INFO] Frame 2160: Person=1 | FPS: 21.6
[2026-07-13 19:09:00] [INFO] Frame 2190: Person=1 | FPS: 20.8
[2026-07-13 19:09:02] [INFO] Frame 2220: Person=1 | FPS: 20.7
[2026-07-13 19:09:03] [INFO] Frame 2250: Person=1 | FPS: 21.8
[2026-07-13 19:09:05] [INFO] Frame 2280: Person=0 | FPS: 16.3
[2026-07-13 19:09:06] [INFO] Frame 2310: Person=1 | FPS: 15.7
[2026-07-13 19:09:08] [INFO] Frame 2340: Person=1 | FPS: 21.6
[2026-07-13 19:09:09] [INFO] Video ended or cannot read frame.
[2026-07-13 19:09:09] [INFO] Cleaning up resources...
[2026-07-13 19:09:09] [INFO] Video capture released
[2026-07-13 19:09:09] [INFO] Exited.
[2026-07-13 19:14:43] [INFO] Starting Interactive Park AI (Polygon ROI & Touch Detection)...
[2026-07-13 19:14:43] [INFO] Loaded config from config.yaml
[2026-07-13 19:14:43] [INFO] Video Loaded from source: assets/videos/sample.mp4
[2026-07-13 19:14:43] [INFO] Loading Pose model (Person) from models/yolo11n-pose.pt...
[2026-07-13 19:14:43] [INFO] Loaded Plant Zone: LEFT_PLANT with 4 points (overlay=OFF).
[2026-07-13 19:14:43] [INFO] Loaded Plant Zone: RIGHT_PLANT with 4 points (overlay=OFF).
[2026-07-13 19:14:43] [INFO] Initialization complete. Starting main loop.
[2026-07-13 19:14:43] [INFO] Video reset to frame 0
[2026-07-13 19:14:46] [INFO] Frame 30: Person=0 | FPS: 21.5
[2026-07-13 19:14:48] [INFO] Frame 60: Person=1 | FPS: 21.5
[2026-07-13 19:14:48] [INFO] [EVENT] PLANT_TOUCH - LEFT_PLANT
[2026-07-13 19:14:50] [INFO] Frame 90: Person=1 | FPS: 21.8
[2026-07-13 19:14:51] [INFO] Frame 120: Person=1 | FPS: 21.7
[2026-07-13 19:14:53] [INFO] Frame 150: Person=1 | FPS: 21.4
[2026-07-13 19:14:54] [INFO] Frame 180: Person=1 | FPS: 21.5
[2026-07-13 19:14:56] [INFO] Frame 210: Person=1 | FPS: 21.4
[2026-07-13 19:14:57] [INFO] Frame 240: Person=1 | FPS: 21.3
[2026-07-13 19:14:59] [INFO] Frame 270: Person=1 | FPS: 15.8
[2026-07-13 19:15:01] [INFO] Frame 300: Person=1 | FPS: 21.1
[2026-07-13 19:15:02] [INFO] Frame 330: Person=1 | FPS: 20.8
[2026-07-13 19:15:04] [INFO] Frame 360: Person=1 | FPS: 21.4
[2026-07-13 19:15:05] [INFO] Frame 390: Person=1 | FPS: 21.5
[2026-07-13 19:15:07] [INFO] Frame 420: Person=1 | FPS: 17.2
[2026-07-13 19:15:09] [INFO] Frame 450: Person=1 | FPS: 21.3
[2026-07-13 19:15:10] [INFO] Frame 480: Person=1 | FPS: 21.8
[2026-07-13 19:15:12] [INFO] Frame 510: Person=1 | FPS: 21.2
[2026-07-13 19:15:14] [INFO] Frame 540: Person=1 | FPS: 21.0
[2026-07-13 19:15:15] [INFO] Frame 570: Person=1 | FPS: 16.0
[2026-07-13 19:15:17] [INFO] Frame 600: Person=1 | FPS: 22.4
[2026-07-13 19:15:18] [INFO] Frame 630: Person=1 | FPS: 21.5
[2026-07-13 19:15:20] [INFO] Frame 660: Person=1 | FPS: 21.5
[2026-07-13 19:15:22] [INFO] Frame 690: Person=1 | FPS: 21.6
[2026-07-13 19:15:23] [INFO] Frame 720: Person=1 | FPS: 22.0
[2026-07-13 19:15:25] [INFO] Frame 750: Person=1 | FPS: 21.9
[2026-07-13 19:15:26] [INFO] Frame 780: Person=1 | FPS: 21.9
[2026-07-13 19:15:28] [INFO] Frame 810: Person=1 | FPS: 21.4
[2026-07-13 19:15:30] [INFO] Frame 840: Person=1 | FPS: 21.6
[2026-07-13 19:15:31] [INFO] Frame 870: Person=1 | FPS: 21.1
[2026-07-13 19:15:32] [INFO] [EVENT] PLANT_RELEASE - LEFT_PLANT
[2026-07-13 19:15:33] [INFO] Frame 900: Person=0 | FPS: 16.5
[2026-07-13 19:15:34] [INFO] Frame 930: Person=1 | FPS: 21.1
[2026-07-13 19:15:36] [INFO] Frame 960: Person=0 | FPS: 21.8
[2026-07-13 19:15:37] [INFO] Frame 990: Person=0 | FPS: 21.0
[2026-07-13 19:15:39] [INFO] Frame 1020: Person=0 | FPS: 20.8
[2026-07-13 19:15:41] [INFO] Frame 1050: Person=0 | FPS: 21.3
[2026-07-13 19:15:42] [INFO] Frame 1080: Person=0 | FPS: 21.1
[2026-07-13 19:15:44] [INFO] Frame 1110: Person=0 | FPS: 21.0
[2026-07-13 19:15:45] [INFO] Frame 1140: Person=0 | FPS: 16.2
[2026-07-13 19:15:47] [INFO] Frame 1170: Person=0 | FPS: 21.2
[2026-07-13 19:15:48] [INFO] Frame 1200: Person=0 | FPS: 21.1
[2026-07-13 19:15:50] [INFO] Frame 1230: Person=0 | FPS: 21.2
[2026-07-13 19:15:51] [INFO] Frame 1260: Person=0 | FPS: 21.5
[2026-07-13 19:15:53] [INFO] Frame 1290: Person=0 | FPS: 21.8
[2026-07-13 19:15:54] [INFO] Frame 1320: Person=0 | FPS: 21.1
[2026-07-13 19:15:56] [INFO] Frame 1350: Person=0 | FPS: 21.7
[2026-07-13 19:15:57] [INFO] Frame 1380: Person=0 | FPS: 21.1
[2026-07-13 19:15:59] [INFO] Frame 1410: Person=0 | FPS: 16.0
[2026-07-13 19:16:00] [INFO] Frame 1440: Person=0 | FPS: 21.5
[2026-07-13 19:16:02] [INFO] Frame 1470: Person=0 | FPS: 21.0
[2026-07-13 19:16:03] [INFO] Frame 1500: Person=0 | FPS: 20.7
[2026-07-13 19:16:05] [INFO] Frame 1530: Person=0 | FPS: 21.0
[2026-07-13 19:16:07] [INFO] Frame 1560: Person=0 | FPS: 21.6
[2026-07-13 19:16:08] [INFO] Frame 1590: Person=0 | FPS: 21.1
[2026-07-13 19:16:10] [INFO] Frame 1620: Person=0 | FPS: 21.4
[2026-07-13 19:16:11] [INFO] Frame 1650: Person=0 | FPS: 22.0
[2026-07-13 19:16:13] [INFO] Frame 1680: Person=0 | FPS: 21.5
[2026-07-13 19:16:14] [INFO] Frame 1710: Person=0 | FPS: 21.2
[2026-07-13 19:16:16] [INFO] Frame 1740: Person=0 | FPS: 21.9
[2026-07-13 19:16:17] [INFO] Frame 1770: Person=0 | FPS: 22.4
[2026-07-13 19:16:19] [INFO] Frame 1800: Person=0 | FPS: 22.0
[2026-07-13 19:16:20] [INFO] Frame 1830: Person=1 | FPS: 21.7
[2026-07-13 19:16:22] [INFO] Frame 1860: Person=1 | FPS: 20.7
[2026-07-13 19:16:24] [INFO] Frame 1890: Person=1 | FPS: 21.7
[2026-07-13 19:16:25] [INFO] Frame 1920: Person=1 | FPS: 21.4
[2026-07-13 19:16:27] [INFO] Frame 1950: Person=1 | FPS: 21.9
[2026-07-13 19:16:28] [INFO] Frame 1980: Person=1 | FPS: 20.9
[2026-07-13 19:16:30] [INFO] Frame 2010: Person=1 | FPS: 21.1
[2026-07-13 19:16:32] [INFO] Frame 2040: Person=1 | FPS: 21.5
[2026-07-13 19:16:33] [INFO] Frame 2070: Person=1 | FPS: 21.1
[2026-07-13 19:16:35] [INFO] Frame 2100: Person=1 | FPS: 21.0
[2026-07-13 19:16:36] [INFO] Frame 2130: Person=1 | FPS: 21.5
[2026-07-13 19:16:38] [INFO] Frame 2160: Person=1 | FPS: 18.4
[2026-07-13 19:16:39] [INFO] Frame 2190: Person=1 | FPS: 22.1
[2026-07-13 19:16:41] [INFO] Frame 2220: Person=1 | FPS: 24.7
[2026-07-13 19:16:42] [INFO] Frame 2250: Person=1 | FPS: 22.4
[2026-07-13 19:16:44] [INFO] Frame 2280: Person=0 | FPS: 22.6
[2026-07-13 19:16:46] [INFO] Frame 2310: Person=1 | FPS: 16.2
[2026-07-13 19:16:47] [INFO] Frame 2340: Person=1 | FPS: 21.6
[2026-07-13 19:16:48] [INFO] Video ended or cannot read frame.
[2026-07-13 19:16:48] [INFO] Cleaning up resources...
[2026-07-13 19:16:48] [INFO] Video capture released
[2026-07-13 19:16:48] [INFO] Exited.
[2026-07-13 19:55:30] [INFO] Starting Interactive Park AI (Polygon ROI & Touch Detection)...
[2026-07-13 19:55:30] [INFO] Loaded config from config.yaml
[2026-07-13 19:55:30] [INFO] Video Loaded from source: assets/videos/sample.mp4
[2026-07-13 19:55:30] [INFO] Loading Pose model (Person) from models/yolo11s-pose.pt | imgsz=640 | device=cpu | half=False...
[2026-07-13 19:55:30] [INFO] Loaded Plant Zone: LEFT_PLANT with 4 points (overlay=OFF).
[2026-07-13 19:55:30] [INFO] Loaded Plant Zone: RIGHT_PLANT with 4 points (overlay=OFF).
[2026-07-13 19:55:30] [INFO] Initialization complete. Starting main loop.
[2026-07-13 19:55:30] [INFO] Video reset to frame 0
[2026-07-13 19:55:36] [INFO] Frame 30: Person=0 | FPS: 6.4
[2026-07-13 19:55:37] [INFO] [EVENT] PLANT_TOUCH - LEFT_PLANT
[2026-07-13 19:55:40] [INFO] Frame 60: Person=1 | FPS: 7.1
[2026-07-13 19:55:44] [INFO] Frame 90: Person=1 | FPS: 6.5
[2026-07-13 19:55:49] [INFO] Frame 120: Person=1 | FPS: 7.1
[2026-07-13 19:55:53] [INFO] Frame 150: Person=1 | FPS: 7.1
[2026-07-13 19:55:58] [INFO] Frame 180: Person=1 | FPS: 7.1
[2026-07-13 19:56:02] [INFO] Frame 210: Person=1 | FPS: 6.4
[2026-07-13 19:56:07] [INFO] Frame 240: Person=1 | FPS: 6.4
[2026-07-13 19:56:12] [INFO] Frame 270: Person=1 | FPS: 6.3
[2026-07-13 19:56:16] [INFO] Frame 300: Person=1 | FPS: 6.4
[2026-07-13 19:56:21] [INFO] Frame 330: Person=1 | FPS: 7.1
[2026-07-13 19:56:25] [INFO] Frame 360: Person=1 | FPS: 7.1
[2026-07-13 19:56:30] [INFO] Frame 390: Person=1 | FPS: 6.4
[2026-07-13 19:56:34] [INFO] Frame 420: Person=1 | FPS: 7.0
[2026-07-13 19:56:39] [INFO] Frame 450: Person=1 | FPS: 6.5
[2026-07-13 19:56:43] [INFO] Frame 480: Person=1 | FPS: 7.1
[2026-07-13 19:56:48] [INFO] Frame 510: Person=1 | FPS: 7.1
[2026-07-13 19:56:52] [INFO] Frame 540: Person=1 | FPS: 7.1
[2026-07-13 19:56:53] [INFO] Interrupted by user.
[2026-07-13 19:56:53] [INFO] Cleaning up resources...
[2026-07-13 19:56:53] [INFO] Video capture released
[2026-07-13 19:56:53] [INFO] Exited.
[2026-07-13 20:00:42] [INFO] Starting Interactive Park AI (Polygon ROI & Touch Detection)...
[2026-07-13 20:00:42] [INFO] Loaded config from config.yaml
[2026-07-13 20:00:42] [INFO] Video Loaded from source: assets/videos/sample.mp4
[2026-07-13 20:00:42] [INFO] Loading Pose model (Person) from models/yolo11s-pose.pt | imgsz=640 | device=cpu | half=False...
[2026-07-13 20:00:42] [INFO] Loaded Plant Zone: LEFT_PLANT with 4 points (overlay=OFF).
[2026-07-13 20:00:42] [INFO] Loaded Plant Zone: RIGHT_PLANT with 4 points (overlay=OFF).
[2026-07-13 20:00:43] [INFO] Initialization complete. Starting main loop.
[2026-07-13 20:00:43] [INFO] Video reset to frame 0
[2026-07-13 20:35:44] [INFO] Starting Interactive Park AI (Mapping, ROI & Touch Detection)...
[2026-07-13 20:35:44] [INFO] Loaded config from config.yaml
[2026-07-13 20:35:44] [INFO] Video Loaded from source: assets/videos/sample.mp4
[2026-07-13 20:35:44] [INFO] Mapping mode started. Press q in the mapping window to start detection.
[2026-07-13 20:36:32] [INFO] Mapping saved to config.yaml
[2026-07-13 20:36:32] [INFO] Loaded config from config.yaml
[2026-07-13 20:36:32] [INFO] Loaded Area: GARDEN_AREA type=garden points=18
[2026-07-13 20:36:32] [INFO] Loaded Area: LEFT_PLANT type=plant points=4
[2026-07-13 20:36:32] [INFO] Loaded Area: RIGHT_PLANT type=plant points=4
[2026-07-13 20:36:32] [INFO] Loaded Area: WALKWAY type=walkway points=4
[2026-07-13 20:36:32] [INFO] Loading Pose model (Person) from models/yolo11n-pose.pt | imgsz=384 | device=cuda:0 | half=True...
[2026-07-13 20:36:32] [INFO] Warming up pose detector...
[2026-07-13 20:36:34] [INFO] Initialization complete. Starting main loop.
[2026-07-13 20:36:34] [INFO] Video reset to frame 0
[2026-07-13 20:36:35] [INFO] Frame 30: Person=0 | InGarden=0 | DetectEvery=5 | FPS=21.3
[2026-07-13 20:36:36] [INFO] [AUDIO] -> START AMBIENCE: GARDEN_AREA
[2026-07-13 20:36:36] [INFO] [AUDIO] AMBIENCE PLAYING: GARDEN_AREA
[2026-07-13 20:36:37] [INFO] Frame 60: Person=1 | InGarden=1 | DetectEvery=5 | FPS=21.3
[2026-07-13 20:36:37] [INFO] [AUDIO] -> STOP AMBIENCE: GARDEN_AREA
[2026-07-13 20:36:38] [INFO] Frame 90: Person=1 | InGarden=0 | DetectEvery=5 | FPS=21.4
[2026-07-13 20:36:39] [INFO] [AUDIO] -> START AMBIENCE: GARDEN_AREA
[2026-07-13 20:36:39] [INFO] [AUDIO] AMBIENCE PLAYING: GARDEN_AREA
[2026-07-13 20:36:39] [INFO] Frame 120: Person=1 | InGarden=1 | DetectEvery=5 | FPS=21.1
[2026-07-13 20:36:40] [INFO] [EVENT] PLANT_TOUCH - LEFT_PLANT
[2026-07-13 20:36:40] [INFO] [AUDIO] -> PLAY PLANT EFFECT: LEFT_PLANT
[2026-07-13 20:36:40] [INFO] [AUDIO] -> STOP AMBIENCE: GARDEN_AREA
[2026-07-13 20:36:40] [INFO] [EVENT] PLANT_RELEASE - LEFT_PLANT
[2026-07-13 20:36:40] [INFO] [AUDIO] -> RELEASE PLANT EFFECT: LEFT_PLANT
[2026-07-13 20:36:41] [INFO] Frame 150: Person=1 | InGarden=0 | DetectEvery=5 | FPS=22.5
[2026-07-13 20:36:42] [INFO] Frame 180: Person=1 | InGarden=0 | DetectEvery=5 | FPS=30.0
[2026-07-13 20:36:43] [INFO] Frame 210: Person=1 | InGarden=0 | DetectEvery=5 | FPS=21.6
[2026-07-13 20:36:45] [INFO] Frame 240: Person=1 | InGarden=0 | DetectEvery=5 | FPS=21.3
[2026-07-13 20:36:46] [INFO] Frame 270: Person=1 | InGarden=0 | DetectEvery=5 | FPS=21.6
[2026-07-13 20:36:47] [INFO] Frame 300: Person=1 | InGarden=0 | DetectEvery=5 | FPS=21.5
[2026-07-13 20:36:49] [INFO] Frame 330: Person=1 | InGarden=0 | DetectEvery=5 | FPS=21.4
[2026-07-13 20:36:50] [INFO] Frame 360: Person=1 | InGarden=0 | DetectEvery=5 | FPS=14.5
[2026-07-13 20:36:51] [INFO] Frame 390: Person=1 | InGarden=0 | DetectEvery=5 | FPS=30.0
[2026-07-13 20:36:53] [INFO] Frame 420: Person=1 | InGarden=0 | DetectEvery=5 | FPS=21.8
[2026-07-13 20:36:53] [INFO] Interrupted by user.
[2026-07-13 20:36:53] [INFO] Cleaning up resources...
[2026-07-13 20:36:53] [INFO] Video capture released
[2026-07-13 20:36:53] [INFO] Exited.
